<?xml version="1.0" encoding="UTF-8"?>
<!-- Generated by org.testng.reporters.JUnitReportReporter -->
<testsuite skipped="0" hostname="Alkesh" name="com.demoaut.newtours.qa.testcases.RegistrationPageTest" tests="4" failures="0" timestamp="2021-05-14T20:03:36 IST" time="44.905" errors="0">
  <testcase name="testMethod" time="10.395" classname="com.demoaut.newtours.qa.testcases.RegistrationPageTest"/>
  <system-out/>
  <testcase name="testMethod" time="10.609" classname="com.demoaut.newtours.qa.testcases.RegistrationPageTest"/>
  <system-out/>
  <testcase name="testMethod" time="13.504" classname="com.demoaut.newtours.qa.testcases.RegistrationPageTest"/>
  <system-out/>
  <testcase name="testMethod" time="10.397" classname="com.demoaut.newtours.qa.testcases.RegistrationPageTest"/>
  <system-out/>
</testsuite> <!-- com.demoaut.newtours.qa.testcases.RegistrationPageTest -->
