<?xml version="1.0" encoding="UTF-8"?>
<!-- Generated by org.testng.reporters.JUnitReportReporter -->
<testsuite hostname="Alkesh-PC" name="com.demoaut.newtours.qa.testcases.HomePageTest" tests="1" failures="0" timestamp="22 Jul 2018 09:14:38 GMT" time="7.811" errors="0">
  <testcase name="testMethod" time="7.811" classname="com.demoaut.newtours.qa.testcases.HomePageTest"/>
</testsuite> <!-- com.demoaut.newtours.qa.testcases.HomePageTest -->
